<?xml version="1.0" encoding="UTF-8"?>
<!-- Generated by org.testng.reporters.JUnitReportReporter -->
<testsuite hostname="DESKTOP-2978KLT" failures="0" tests="2" name="Test_scripts.TS1_mobile" time="56.223" errors="0" timestamp="2023-01-30T18:17:58 IST" skipped="0">
  <testcase classname="Test_scripts.TS1_mobile" name="Iphone13_AddToCart" time="34.130"/>
  <system-out>
    <![CDATA[Apple iPhone 13 (128GB) - Midnight is added to cart with quantity 1]]>
  </system-out>
  <testcase classname="Test_scripts.TS1_mobile" name="Oneplus_mobiles_prices" time="22.093"/>
  <system-out>
    <![CDATA[OnePlus Nord 2T 5G (Jade Fog, 8GB RAM, 128GB Storage)    mobile price in amazon.in is ₹28,999
OnePlus Nord CE 2 Lite 5G (Black Dusk, 6GB RAM, 128GB Storage)    mobile price in amazon.in is ₹18,999
OnePlus 10R 5G (Forest Green, 8GB RAM, 128GB Storage, 80W SuperVOOC)    mobile price in amazon.in is ₹32,999
OnePlus Nord 2T 5G (Gray Shadow, 8GB RAM, 128GB Storage)    mobile price in amazon.in is ₹28,999
OnePlus 10 Pro 5G (Emerald Forest, 8GB RAM, 128GB Storage)    mobile price in amazon.in is ₹61,999
(Renewed) OnePlus 6 (Midnight Black, 6GB RAM, 64GB Storage)    mobile price in amazon.in is ₹12,499
(Renewed) OnePlus 5T (Midnight Black, 64GB)    mobile price in amazon.in is ₹10,499
OnePlus 10R 5G (Sierra Black, 8GB RAM, 128GB Storage, 80W SuperVOOC)    mobile price in amazon.in is ₹32,999
OnePlus 10T 5G (Moonstone Black, 12GB RAM, 256GB Storage)    mobile price in amazon.in is ₹54,999
(Renewed) OnePlus Nord CE 5G (Blue Void, 8GB RAM, 128GB Storage)    mobile price in amazon.in is ₹49,999
OnePlus 10T 5G (Moonstone Black, 8GB RAM, 128GB Storage)    mobile price in amazon.in is ₹55,999
OnePlus 10T 5G (Moonstone Black, 16GB RAM, 256GB Storage)    mobile price in amazon.in is ₹15,999
(Renewed) OnePlus 6T (Mirror Black, 6GB RAM, 128GB Storage)    mobile price in amazon.in is ₹11,599
(Renewed) OnePlus 6 (Mirror Black, 6GB RAM, 64GB Storage)    mobile price in amazon.in is ₹13,299
(Renewed) OnePlus 5T (Midnight Black, 128GB)    mobile price in amazon.in is ₹10,499]]>
  </system-out>
</testsuite> <!-- Test_scripts.TS1_mobile -->
