<?xml version="1.0" encoding="UTF-8"?>
<!-- Generated by org.testng.reporters.JUnitReportReporter -->
<testsuite hostname="DESKTOP-2978KLT" failures="0" tests="2" name="Test_scripts.TS2_fashion" time="107.840" errors="0" timestamp="2023-02-01T17:33:38 IST" skipped="0">
  <testcase classname="Test_scripts.TS2_fashion" name="Newest_Fastrack_watch" time="42.553"/>
  <system-out>
    <![CDATA[Newest arrival of fastrak watch is New Fastrack Reflex Beat+ 1.69” UltraVU Display|500 Nits Brightness|60 Sports Modes|24*7 Heart Rate Monitor|SpO2 Monitor|Sleep Tracker|IP68 Water Resistant|Music & Camera Control
Unit price of the particular product is ₹ 1,495]]>
  </system-out>
  <testcase classname="Test_scripts.TS2_fashion" name="Random_FT" time="65.287"/>
  <system-out>
    <![CDATA[Test script is pass]]>
  </system-out>
</testsuite> <!-- Test_scripts.TS2_fashion -->
