<?xml version="1.0" encoding="UTF-8"?>
<!-- Generated by org.testng.reporters.JUnitReportReporter -->
<testsuite hostname="DESKTOP-2978KLT" failures="0" tests="2" name="Test_scripts.TS1_mobile" time="111.084" errors="0" timestamp="2023-02-17T10:43:38 IST" skipped="0">
  <testcase classname="Test_scripts.TS1_mobile" name="Oneplus_mobiles_prices" time="37.382"/>
  <system-out>
    <![CDATA[OnePlus Nord 2T 5G (Gray Shadow, 8GB RAM, 128GB Storage)    mobile price in amazon.in is ₹28,999
OnePlus Nord CE 2 Lite 5G (Black Dusk, 6GB RAM, 128GB Storage)    mobile price in amazon.in is ₹18,999
OnePlus Nord CE 2 Lite 5G (Blue Tide, 6GB RAM, 128GB Storage)    mobile price in amazon.in is ₹18,999
OnePlus Nord 2T 5G (Jade Fog, 8GB RAM, 128GB Storage)    mobile price in amazon.in is ₹28,999
OnePlus 11 5G (Titan Black, 8GB RAM, 128GB Storage) Upto 18M No Cost EMI with ICICI Amazon Pay Credit Card    mobile price in amazon.in is ₹56,999
OnePlus 11 5G (Eternal Green, 16GB RAM, 256GB Storage) Upto 18M No Cost EMI with ICICI Amazon Pay Credit Card    mobile price in amazon.in is ₹61,999
(Renewed) OnePlus Nord 5G Gray Onyx, 8GB RAM, 128GB Storage    mobile price in amazon.in is ₹22,899
OnePlus 11 5G (Titan Black, 16GB RAM, 256GB Storage) Upto 18M No Cost EMI with ICICI Amazon Pay Credit Card    mobile price in amazon.in is ₹61,999
OnePlus 11 5G (Eternal Green, 8GB RAM, 128GB Storage) Upto 18M No Cost EMI with ICICI Amazon Pay Credit Card    mobile price in amazon.in is ₹56,999
(Renewed) OnePlus 5T (Midnight Black, 64GB)    mobile price in amazon.in is ₹10,599
OnePlus 10T 5G (Moonstone Black, 16GB RAM, 256GB Storage)    mobile price in amazon.in is ₹55,999
OnePlus 10T 5G (Moonstone Black, 12GB RAM, 256GB Storage)    mobile price in amazon.in is ₹54,999
(Renewed) OnePlus 6 (Mirror Black, 6GB RAM, 64GB Storage)    mobile price in amazon.in is ₹13,699
OnePlus 10T 5G (Jade Green, 8GB RAM, 128GB Storage)    mobile price in amazon.in is ₹49,999
(Renewed) OnePlus 6T (Mirror Black, 6GB RAM, 128GB Storage)    mobile price in amazon.in is ₹38,299]]>
  </system-out>
  <testcase classname="Test_scripts.TS1_mobile" name="Iphone13_AddToCart" time="73.702"/>
  <system-out>
    <![CDATA[Apple iPhone 13 (128GB) - Midnight is added to cart with quantity 1]]>
  </system-out>
</testsuite> <!-- Test_scripts.TS1_mobile -->
