<?xml version="1.0" encoding="UTF-8"?>
<!-- Generated by org.testng.reporters.JUnitReportReporter -->
<testsuite hostname="DESKTOP-2978KLT" failures="0" tests="2" name="Test_scripts.Test_Script_01" time="69.852" errors="0" timestamp="2023-01-29T14:48:25 IST" skipped="0">
  <testcase classname="Test_scripts.Test_Script_01" name="Iphone13_AddToCart" time="43.987"/>
  <system-out/>
  <testcase classname="Test_scripts.Test_Script_01" name="mobile_prices" time="25.865"/>
  <system-out>
    <![CDATA[OnePlus Nord CE 2 Lite 5G (Blue Tide, 6GB RAM, 128GB Storage)    mobile price in amazon.in is ₹18,999
OnePlus Nord CE 2 Lite 5G (Blue Tide, 8GB RAM, 128GB Storage)    mobile price in amazon.in is ₹21,999
OnePlus 10R 5G (Forest Green, 8GB RAM, 128GB Storage, 80W SuperVOOC)    mobile price in amazon.in is ₹32,999
OnePlus Nord 2T 5G (Jade Fog, 8GB RAM, 128GB Storage)    mobile price in amazon.in is ₹28,999
OnePlus 10 Pro 5G (Emerald Forest, 8GB RAM, 128GB Storage)    mobile price in amazon.in is ₹61,999
(Renewed) OnePlus 6 (Midnight Black, 6GB RAM, 64GB Storage)    mobile price in amazon.in is ₹15,999
OnePlus 10T 5G (Moonstone Black, 8GB RAM, 128GB Storage)    mobile price in amazon.in is ₹49,999
(Renewed) OnePlus 5T (Midnight Black, 64GB)    mobile price in amazon.in is ₹10,499
(Renewed) OnePlus Nord 2 5G Gray Sierra, 8GB RAM, 128GB Storage    mobile price in amazon.in is ₹25,899
OnePlus 10R 5G (Sierra Black, 8GB RAM, 128GB Storage, 80W SuperVOOC)    mobile price in amazon.in is ₹32,999
OnePlus 10T 5G (Moonstone Black, 12GB RAM, 256GB Storage)    mobile price in amazon.in is ₹54,999
OnePlus 10T 5G (Moonstone Black, 16GB RAM, 256GB Storage)    mobile price in amazon.in is ₹55,999
OnePlus 10 Pro 5G (Volcanic Black, 12GB RAM, 256GB Storage)    mobile price in amazon.in is ₹66,999
(Renewed) OnePlus 9R 5G Carbon Black, 8GB RAM, 128GB Storage    mobile price in amazon.in is ₹32,899
(Renewed) OnePlus 5 (Slate Grey, 6GB RAM, 64GB Storage)    mobile price in amazon.in is ₹10,499
(Renewed) OnePlus 6T (Mirror Black, 6GB RAM, 128GB Storage)    mobile price in amazon.in is ₹15,999]]>
  </system-out>
</testsuite> <!-- Test_scripts.Test_Script_01 -->
