<?xml version="1.0" encoding="UTF-8"?>
<!-- Generated by org.testng.reporters.JUnitReportReporter -->
<testsuite hostname="DESKTOP-2978KLT" failures="0" tests="2" name="Test_scripts.TS1_mobile" time="72.229" errors="0" timestamp="2023-04-25T17:09:34 IST" skipped="0">
  <testcase classname="Test_scripts.TS1_mobile" name="Iphone13_AddToCart" time="51.999"/>
  <system-out>
    <![CDATA[Apple iPhone 14 (128 GB) - Midnight is added to cart with quantity 1]]>
  </system-out>
  <testcase classname="Test_scripts.TS1_mobile" name="Oneplus_mobiles_prices" time="20.230"/>
  <system-out>
    <![CDATA[OnePlus Nord CE 2 Lite 5G (Black Dusk, 6GB RAM, 128GB Storage)    mobile price in amazon.in is ₹18,999
OnePlus Nord CE 2 Lite 5G (Blue Tide, 6GB RAM, 128GB Storage)    mobile price in amazon.in is ₹18,999
OnePlus Nord CE 3 Lite 5G (Pastel Lime, 8GB RAM, 128GB Storage)    mobile price in amazon.in is ₹18,999
OnePlus Nord 2T 5G (Gray Shadow, 8GB RAM, 128GB Storage)    mobile price in amazon.in is ₹28,999
OnePlus 11 5G (Titan Black, 16GB RAM, 256GB Storage)    mobile price in amazon.in is ₹61,999
OnePlus 10R 5G (Forest Green, 12GB RAM, 256GB Storage, 80W SuperVOOC)    mobile price in amazon.in is ₹38,999
OnePlus 10R 5G (Sierra Black, 8GB RAM, 128GB Storage, 80W SuperVOOC)    mobile price in amazon.in is ₹34,999
OnePlus Nord 2T 5G (Jade Fog, 8GB RAM, 128GB Storage)    mobile price in amazon.in is ₹28,999
OnePlus 10R 5G (Forest Green, 8GB RAM, 128GB Storage, 80W SuperVOOC)    mobile price in amazon.in is ₹34,999
OnePlus Nord CE 3 Lite 5G (Chromatic Gray, 8GB RAM, 128GB Storage)    mobile price in amazon.in is ₹44,999
OnePlus 11R 5G (Galactic Silver, 16GB RAM, 256GB Storage)    mobile price in amazon.in is ₹38,999
OnePlus Nord CE 3 Lite 5G (Pastel Lime, 8GB RAM, 256GB Storage)    mobile price in amazon.in is ₹61,999
OnePlus Nord CE 3 Lite 5G (Chromatic Gray, 8GB RAM, 256GB Storage)    mobile price in amazon.in is ₹34,999]]>
  </system-out>
</testsuite> <!-- Test_scripts.TS1_mobile -->
