<?xml version="1.0" encoding="UTF-8"?>
<!-- Generated by org.testng.reporters.JUnitReportReporter -->
<testsuite hostname="DESKTOP-2978KLT" failures="0" tests="1" name="Test_scripts.TS1_mobile" time="59.554" errors="0" timestamp="2023-02-02T14:12:18 IST" skipped="0">
  <testcase classname="Test_scripts.TS1_mobile" name="Iphone13_AddToCart" time="59.554"/>
  <system-out>
    <![CDATA[Apple iPhone 13 (128GB) - Midnight is added to cart with quantity 1]]>
  </system-out>
</testsuite> <!-- Test_scripts.TS1_mobile -->
