<?xml version="1.0" encoding="UTF-8"?>
<!-- Generated by org.testng.reporters.JUnitReportReporter -->
<testsuite hostname="DESKTOP-2978KLT" failures="0" tests="2" name="Test_scripts.TS2_fashion" time="171.432" errors="0" timestamp="2023-02-17T10:43:38 IST" skipped="0">
  <testcase classname="Test_scripts.TS2_fashion" name="Random_FT" time="106.221"/>
  <system-out>
    <![CDATA[Test script is pass]]>
  </system-out>
  <testcase classname="Test_scripts.TS2_fashion" name="Newest_Fastrack_watch" time="65.211"/>
  <system-out>
    <![CDATA[Newest arrival of fastrak watch is Fastrack Mens 55.50 x 11.30 x 48 mm Space-Disc Hand Black Dial Leather Analog Watch - NN3204KL01 (Not assigned,Not Assigned)
Unit price of the particular product is â‚¹ 2,425]]>
  </system-out>
</testsuite> <!-- Test_scripts.TS2_fashion -->
