<?xml version="1.0" encoding="UTF-8"?>
<!-- Generated by org.testng.reporters.JUnitReportReporter -->
<testsuite hostname="DESKTOP-2978KLT" failures="0" tests="2" name="Test_scripts.TS2_fashion" time="104.331" errors="0" timestamp="2023-01-30T18:17:58 IST" skipped="0">
  <testcase classname="Test_scripts.TS2_fashion" name="Random_FT" time="75.099"/>
  <system-out>
    <![CDATA[Test script is pass]]>
  </system-out>
  <testcase classname="Test_scripts.TS2_fashion" name="Newest_Fastrack_watch" time="29.232"/>
  <system-out>
    <![CDATA[Newest arrival of fastrak watch is New Fastrack Reflex Beat+ 1.69” UltraVU Display|500 Nits Brightness|60 Sports Modes|24*7 Heart Rate Monitor|SpO2 Monitor|Sleep Tracker|IP68 Water Resistant|Music & Camera Control
Unit price of the particular product is ₹ 1,495]]>
  </system-out>
</testsuite> <!-- Test_scripts.TS2_fashion -->
