<?xml version="1.0" encoding="UTF-8"?>
<!-- Generated by org.testng.reporters.JUnitReportReporter -->
<testsuite hostname="DESKTOP-2978KLT" failures="0" tests="1" name="Test_scripts.TS2_fashion" time="101.458" errors="0" timestamp="2023-02-04T20:25:08 IST" skipped="0">
  <testcase classname="Test_scripts.TS2_fashion" name="Random_FT" time="101.458"/>
  <system-out>
    <![CDATA[Test script is pass]]>
  </system-out>
</testsuite> <!-- Test_scripts.TS2_fashion -->
